<?xml version="1.0" encoding="UTF-8"?>
<!-- Generated by org.testng.reporters.JUnitReportReporter -->
<testsuite name="com.hybrid.framework.execution.TestRunner" tests="1" time="7.573" ignored="0" failures="0" timestamp="03 Jul 2018 17:46:09 GMT" skipped="0" hostname="DRN" errors="0">
  <testcase name="performTest" time="7.573" classname="com.hybrid.framework.execution.TestRunner"/>
</testsuite> <!-- com.hybrid.framework.execution.TestRunner -->
